<?xml version="1.0" encoding="UTF-8"?>
<robot generator="Robot 5.0.1 (Python 3.10.9 on darwin)" generated="20230215 17:30:50.464" rpa="false" schemaversion="3">
<suite id="s1" name="A.Test" source="/Users/1112469/robot/robotframework/a.test.robot">
<test id="s1-t1" name="Simeple test" line="2">
<kw name="Log To Console" library="BuiltIn">
<arg>robottest</arg>
<doc>Logs the given message to the console.</doc>
<status status="PASS" starttime="20230215 17:30:50.553" endtime="20230215 17:30:50.554"/>
</kw>
<status status="PASS" starttime="20230215 17:30:50.553" endtime="20230215 17:30:50.554"/>
</test>
<status status="PASS" starttime="20230215 17:30:50.469" endtime="20230215 17:30:50.554"/>
</suite>
<statistics>
<total>
<stat pass="1" fail="0" skip="0">All Tests</stat>
</total>
<tag>
</tag>
<suite>
<stat pass="1" fail="0" skip="0" id="s1" name="A.Test">A.Test</stat>
</suite>
</statistics>
<errors>
</errors>
</robot>
